<?xml version="1.0" encoding="UTF-8"?>
<!-- Generated by org.testng.reporters.JUnitReportReporter -->
<testsuite hostname="KudzeDev" failures="0" tests="1" name="NewTest" time="1.251" errors="0" timestamp="2020-11-13T11:23:17 EST" skipped="0">
  <testcase classname="NewTest" name="ffdssf" time="1.251"/>
  <system-out/>
</testsuite> <!-- NewTest -->
