<?xml version="1.0" encoding="UTF-8"?>
<!-- Generated by org.testng.reporters.JUnitReportReporter -->
<testsuite hostname="KudzeDev" failures="0" tests="1" name="apeTests.Deserialize" time="1.177" errors="0" timestamp="2020-11-15T10:13:05 EST" skipped="0">
  <testcase classname="apeTests.Deserialize" name="deserialize" time="1.177"/>
  <system-out/>
</testsuite> <!-- apeTests.Deserialize -->
