<?xml version="1.0" encoding="UTF-8"?>
<!-- Generated by org.testng.reporters.JUnitReportReporter -->
<testsuite hostname="KudzeDev" failures="0" tests="1" name="PostLogin" time="1.453" errors="0" timestamp="2020-11-13T12:00:43 EST" skipped="0">
  <testcase classname="PostLogin" name="token" time="1.453"/>
  <system-out/>
</testsuite> <!-- PostLogin -->
