<?xml version="1.0" encoding="UTF-8"?>
<!-- Generated by org.testng.reporters.JUnitReportReporter -->
<testsuite hostname="KudzeDev" failures="0" tests="1" name="apeTests.PostLogin" time="1.538" errors="0" timestamp="2020-11-13T12:03:25 EST" skipped="0">
  <testcase classname="apeTests.PostLogin" name="token" time="1.538"/>
  <system-out/>
</testsuite> <!-- apeTests.PostLogin -->
