<?xml version="1.0" encoding="UTF-8"?>
<!-- Generated by org.testng.reporters.JUnitReportReporter -->
<testsuite hostname="KudzeDev" failures="0" tests="1" name="GETUser" time="1.206" errors="0" timestamp="2020-11-13T11:35:08 EST" skipped="0">
  <testcase classname="GETUser" name="ffdssf" time="1.206"/>
  <system-out/>
</testsuite> <!-- GETUser -->
