<?xml version="1.0" encoding="UTF-8"?>
<!-- Generated by org.testng.reporters.JUnitReportReporter -->
<testsuite hostname="KudzeDev" failures="0" tests="1" name="apeTests.CollectionDeserializing" time="0.939" errors="0" timestamp="2020-11-15T10:50:55 EST" skipped="0">
  <testcase classname="apeTests.CollectionDeserializing" name="deserialize" time="0.939"/>
  <system-out/>
</testsuite> <!-- apeTests.CollectionDeserializing -->
