<?xml version="1.0" encoding="UTF-8"?>
<!-- Generated by org.testng.reporters.JUnitReportReporter -->
<testsuite hostname="KudzeDev" failures="0" tests="1" name="apeTests.Delete" time="1.203" errors="0" timestamp="2020-11-13T12:21:11 EST" skipped="0">
  <testcase classname="apeTests.Delete" name="printCode" time="1.203"/>
  <system-out/>
</testsuite> <!-- apeTests.Delete -->
