<?xml version="1.0" encoding="UTF-8"?>
<!-- Generated by org.testng.reporters.JUnitReportReporter -->
<testsuite hostname="KudzeDev" failures="0" tests="1" name="apeTests.Deserialize" time="0.953" errors="0" timestamp="2020-11-13T15:06:16 EST" skipped="0">
  <testcase classname="apeTests.Deserialize" name="deserialize" time="0.953"/>
  <system-out/>
</testsuite> <!-- apeTests.Deserialize -->
