<?xml version="1.0" encoding="UTF-8"?>
<!-- Generated by org.testng.reporters.JUnitReportReporter -->
<testsuite hostname="KudzeDev" failures="0" tests="1" name="apeTests.GETUser" time="1.186" errors="0" timestamp="2020-11-13T12:03:31 EST" skipped="0">
  <testcase classname="apeTests.GETUser" name="getUserById" time="1.186"/>
  <system-out/>
</testsuite> <!-- apeTests.GETUser -->
